TN:
SF:/home/cmcleod/Developer/sjcloud-data-transfer-app/app/bin/backend/dx.js
FN:24,loggedIn
FN:39,login
FN:55,logout
FN:69,describeDXItem
FN:75,(anonymous_4)
FN:92,checkProjectAccess
FN:116,listDownloadableFiles
FN:125,(anonymous_7)
FN:143,downloadDxFile
FN:154,(anonymous_9)
FN:155,(anonymous_10)
FN:173,watchRemoteFile
FN:174,(anonymous_12)
FN:179,(anonymous_13)
FN:211,uploadFile
FN:220,(anonymous_15)
FN:225,(anonymous_16)
FN:230,(anonymous_17)
FN:245,parseDxProjects
FN:248,(anonymous_19)
FN:275,listProjects
FN:287,(anonymous_21)
FN:294,(anonymous_22)
FN:300,(anonymous_23)
FNF:24
FNH:9
FNDA:1,loggedIn
FNDA:3,login
FNDA:1,logout
FNDA:3,describeDXItem
FNDA:0,(anonymous_4)
FNDA:4,checkProjectAccess
FNDA:4,listDownloadableFiles
FNDA:0,(anonymous_7)
FNDA:0,downloadDxFile
FNDA:0,(anonymous_9)
FNDA:0,(anonymous_10)
FNDA:0,watchRemoteFile
FNDA:0,(anonymous_12)
FNDA:0,(anonymous_13)
FNDA:0,uploadFile
FNDA:0,(anonymous_15)
FNDA:0,(anonymous_16)
FNDA:0,(anonymous_17)
FNDA:0,parseDxProjects
FNDA:0,(anonymous_19)
FNDA:2,listProjects
FNDA:3,(anonymous_21)
FNDA:0,(anonymous_22)
FNDA:2,(anonymous_23)
DA:5,1
DA:6,1
DA:7,1
DA:8,1
DA:9,1
DA:10,1
DA:11,1
DA:12,1
DA:13,1
DA:25,1
DA:26,1
DA:28,1
DA:40,3
DA:41,2
DA:43,1
DA:44,1
DA:46,1
DA:56,1
DA:57,1
DA:59,1
DA:70,3
DA:71,2
DA:72,2
DA:74,1
DA:75,1
DA:76,0
DA:77,0
DA:78,0
DA:80,0
DA:83,1
DA:93,4
DA:94,4
DA:95,4
DA:96,2
DA:98,2
DA:99,1
DA:102,1
DA:103,3
DA:105,1
DA:117,4
DA:118,2
DA:119,2
DA:121,2
DA:122,2
DA:123,1
DA:125,2
DA:126,0
DA:129,1
DA:144,0
DA:145,0
DA:146,0
DA:147,0
DA:148,0
DA:150,0
DA:151,0
DA:153,0
DA:154,0
DA:155,0
DA:156,0
DA:157,0
DA:158,0
DA:162,0
DA:164,1
DA:174,0
DA:175,0
DA:176,0
DA:178,0
DA:179,0
DA:180,0
DA:181,0
DA:182,0
DA:184,0
DA:186,0
DA:187,0
DA:188,0
DA:191,0
DA:192,0
DA:195,0
DA:197,0
DA:198,0
DA:212,0
DA:213,0
DA:216,0
DA:217,0
DA:220,0
DA:221,0
DA:222,0
DA:224,0
DA:225,0
DA:226,0
DA:227,0
DA:229,0
DA:230,0
DA:231,0
DA:232,0
DA:234,0
DA:238,1
DA:246,0
DA:248,0
DA:249,0
DA:250,0
DA:255,0
DA:256,0
DA:257,0
DA:264,0
DA:278,2
DA:279,2
DA:280,2
DA:281,2
DA:282,1
DA:287,2
DA:288,3
DA:289,3
DA:290,2
DA:291,3
DA:292,3
DA:294,0
DA:295,0
DA:296,0
DA:298,0
DA:301,2
DA:302,0
DA:305,2
DA:308,1
LF:124
LH:59
BRDA:24,0,0,0
BRDA:26,1,0,1
BRDA:26,1,1,0
BRDA:39,2,0,2
BRDA:40,3,0,2
BRDA:40,3,1,1
BRDA:44,4,0,1
BRDA:44,4,1,0
BRDA:55,5,0,0
BRDA:57,6,0,1
BRDA:57,6,1,0
BRDA:69,7,0,2
BRDA:70,8,0,2
BRDA:70,8,1,1
BRDA:75,9,0,1
BRDA:75,9,1,0
BRDA:76,10,0,0
BRDA:76,10,1,0
BRDA:92,11,0,0
BRDA:92,12,0,0
BRDA:94,13,0,4
BRDA:94,13,1,0
BRDA:95,14,0,2
BRDA:95,14,1,2
BRDA:95,15,0,4
BRDA:95,15,1,3
BRDA:98,16,0,1
BRDA:98,16,1,1
BRDA:103,17,0,3
BRDA:103,17,1,0
BRDA:116,18,0,2
BRDA:117,19,0,2
BRDA:117,19,1,2
BRDA:122,20,0,1
BRDA:122,20,1,1
BRDA:125,21,0,2
BRDA:125,21,1,0
BRDA:147,22,0,0
BRDA:147,22,1,0
BRDA:147,23,0,0
BRDA:147,23,1,0
BRDA:150,24,0,0
BRDA:150,24,1,0
BRDA:156,25,0,0
BRDA:156,25,1,0
BRDA:175,26,0,0
BRDA:175,26,1,0
BRDA:181,27,0,0
BRDA:181,27,1,0
BRDA:181,28,0,0
BRDA:181,28,1,0
BRDA:187,29,0,0
BRDA:187,29,1,0
BRDA:191,30,0,0
BRDA:191,30,1,0
BRDA:211,31,0,0
BRDA:226,32,0,0
BRDA:226,32,1,0
BRDA:231,33,0,0
BRDA:231,33,1,0
BRDA:249,34,0,0
BRDA:249,34,1,0
BRDA:256,35,0,0
BRDA:256,35,1,0
BRDA:275,36,0,0
BRDA:281,37,0,1
BRDA:281,37,1,1
BRDA:289,38,0,2
BRDA:289,38,1,1
BRDA:291,39,0,3
BRDA:291,39,1,0
BRDA:295,40,0,0
BRDA:295,40,1,0
BRDA:301,41,0,0
BRDA:301,41,1,2
BRF:75
BRH:30
end_of_record
TN:
SF:/home/cmcleod/Developer/sjcloud-data-transfer-app/app/bin/backend/logging-remote.js
FN:4,error
FN:8,warn
FN:12,info
FN:16,debug
FN:20,silly
FNF:5
FNH:0
FNDA:0,error
FNDA:0,warn
FNDA:0,info
FNDA:0,debug
FNDA:0,silly
DA:2,1
DA:3,1
DA:5,0
DA:7,1
DA:9,0
DA:11,1
DA:13,0
DA:15,1
DA:17,0
DA:19,1
DA:21,0
DA:23,1
LF:12
LH:7
BRF:0
BRH:0
end_of_record
TN:
SF:/home/cmcleod/Developer/sjcloud-data-transfer-app/app/bin/backend/logging.js
FNF:0
FNH:0
DA:2,1
DA:3,1
DA:4,1
DA:5,1
DA:6,1
DA:7,1
DA:8,1
DA:9,1
DA:10,1
DA:11,1
DA:12,1
DA:13,1
DA:14,1
DA:15,0
DA:17,1
DA:18,0
DA:21,1
DA:22,1
DA:28,2
DA:31,1
DA:41,1
LF:21
LH:19
BRDA:9,0,0,1
BRDA:9,0,1,0
BRDA:12,1,0,0
BRDA:12,1,1,1
BRDA:14,2,0,0
BRDA:14,2,1,1
BRDA:17,3,0,0
BRDA:17,3,1,1
BRF:8
BRH:4
end_of_record
TN:
SF:/home/cmcleod/Developer/sjcloud-data-transfer-app/app/bin/backend/menu.js
FN:22,(anonymous_0)
FNF:1
FNH:0
FNDA:0,(anonymous_0)
DA:6,1
DA:7,1
DA:8,1
DA:9,1
DA:10,1
DA:23,0
LF:6
LH:5
BRF:0
BRH:0
end_of_record
TN:
SF:/home/cmcleod/Developer/sjcloud-data-transfer-app/app/bin/backend/oauth.js
FN:21,waitForCode
FN:22,(anonymous_1)
FN:32,(anonymous_2)
FN:36,(anonymous_3)
FN:58,getToken
FN:59,(anonymous_5)
FN:66,(anonymous_6)
FNF:7
FNH:0
FNDA:0,waitForCode
FNDA:0,(anonymous_1)
FNDA:0,(anonymous_2)
FNDA:0,(anonymous_3)
FNDA:0,getToken
FNDA:0,(anonymous_5)
FNDA:0,(anonymous_6)
DA:6,1
DA:7,1
DA:8,1
DA:9,1
DA:10,1
DA:11,1
DA:12,1
DA:22,0
DA:23,0
DA:24,0
DA:26,0
DA:27,0
DA:28,0
DA:32,0
DA:33,0
DA:34,0
DA:36,0
DA:40,0
DA:41,0
DA:43,0
DA:45,0
DA:46,0
DA:59,0
DA:60,0
DA:61,0
DA:62,0
DA:67,0
DA:68,0
DA:72,1
LF:29
LH:8
BRDA:23,0,0,0
BRDA:23,0,1,0
BRDA:40,1,0,0
BRDA:40,1,1,0
BRDA:60,2,0,0
BRDA:60,2,1,0
BRF:6
BRH:0
end_of_record
TN:
SF:/home/cmcleod/Developer/sjcloud-data-transfer-app/app/bin/backend/queue.js
FN:23,log
FN:35,handleFileFinish
FN:52,(anonymous_2)
FN:66,downloadTask
FN:69,(anonymous_4)
FN:71,(anonymous_5)
FN:90,uploadTask
FN:93,(anonymous_7)
FN:97,(anonymous_8)
FN:115,toolInfoTask
FN:117,(anonymous_10)
FN:140,(anonymous_11)
FN:151,(anonymous_12)
FN:163,add
FN:183,addUploadTask
FN:193,addDownloadTask
FN:203,addToolInfoTask
FN:213,removeAllTaskOfType
FN:215,(anonymous_18)
FNF:19
FNH:0
FNDA:0,log
FNDA:0,handleFileFinish
FNDA:0,(anonymous_2)
FNDA:0,downloadTask
FNDA:0,(anonymous_4)
FNDA:0,(anonymous_5)
FNDA:0,uploadTask
FNDA:0,(anonymous_7)
FNDA:0,(anonymous_8)
FNDA:0,toolInfoTask
FNDA:0,(anonymous_10)
FNDA:0,(anonymous_11)
FNDA:0,(anonymous_12)
FNDA:0,add
FNDA:0,addUploadTask
FNDA:0,addDownloadTask
FNDA:0,addToolInfoTask
FNDA:0,removeAllTaskOfType
FNDA:0,(anonymous_18)
DA:8,1
DA:9,1
DA:10,1
DA:18,1
DA:24,0
DA:25,0
DA:36,0
DA:38,0
DA:39,0
DA:40,0
DA:41,0
DA:42,0
DA:45,0
DA:46,0
DA:51,0
DA:52,0
DA:53,0
DA:54,0
DA:55,0
DA:67,0
DA:68,0
DA:69,0
DA:70,0
DA:72,0
DA:75,0
DA:77,0
DA:91,0
DA:92,0
DA:93,0
DA:94,0
DA:95,0
DA:98,0
DA:101,0
DA:103,0
DA:116,0
DA:117,0
DA:118,0
DA:119,0
DA:120,0
DA:122,0
DA:123,0
DA:124,0
DA:126,0
DA:127,0
DA:129,0
DA:130,0
DA:131,0
DA:133,0
DA:134,0
DA:136,0
DA:137,0
DA:140,1
DA:141,0
DA:142,0
DA:144,0
DA:145,0
DA:148,0
DA:151,1
DA:152,0
DA:164,0
DA:165,0
DA:166,0
DA:168,0
DA:169,0
DA:171,0
DA:172,0
DA:175,0
DA:184,0
DA:185,0
DA:187,1
DA:194,0
DA:195,0
DA:197,1
DA:204,0
DA:205,0
DA:207,1
DA:214,0
DA:215,0
DA:216,0
DA:219,1
LF:80
LH:10
BRDA:24,0,0,0
BRDA:24,0,1,0
BRDA:36,1,0,0
BRDA:36,1,1,0
BRDA:39,2,0,0
BRDA:39,2,1,0
BRDA:94,3,0,0
BRDA:94,3,1,0
BRDA:118,4,0,0
BRDA:118,4,1,0
BRDA:118,5,0,0
BRDA:118,5,1,0
BRDA:122,6,0,0
BRDA:122,6,1,0
BRDA:122,7,0,0
BRDA:122,7,1,0
BRDA:122,7,2,0
BRDA:126,8,0,0
BRDA:126,8,1,0
BRDA:126,9,0,0
BRDA:126,9,1,0
BRDA:126,9,2,0
BRDA:130,10,0,0
BRDA:130,10,1,0
BRDA:130,11,0,0
BRDA:130,11,1,0
BRDA:133,12,0,0
BRDA:133,12,1,0
BRDA:141,13,0,0
BRDA:141,13,1,0
BRDA:144,14,0,0
BRDA:144,14,1,0
BRDA:165,15,0,0
BRDA:165,15,1,0
BRDA:168,16,0,0
BRDA:168,16,1,0
BRDA:171,17,0,0
BRDA:171,17,1,0
BRF:38
BRH:0
end_of_record
TN:
SF:/home/cmcleod/Developer/sjcloud-data-transfer-app/app/bin/backend/state.js
FN:28,getState
FN:38,(anonymous_1)
FN:45,(anonymous_2)
FN:52,(anonymous_3)
FN:58,(anonymous_4)
FNF:5
FNH:0
FNDA:0,getState
FNDA:0,(anonymous_1)
FNDA:0,(anonymous_2)
FNDA:0,(anonymous_3)
FNDA:0,(anonymous_4)
DA:6,1
DA:7,1
DA:8,1
DA:9,1
DA:15,1
DA:21,1
DA:29,0
DA:30,0
DA:31,0
DA:32,0
DA:33,0
DA:34,0
DA:35,0
DA:37,0
DA:38,0
DA:39,0
DA:40,0
DA:41,0
DA:42,0
DA:44,0
DA:45,0
DA:46,0
DA:47,0
DA:48,0
DA:49,0
DA:51,0
DA:52,0
DA:53,0
DA:54,0
DA:55,0
DA:57,0
DA:58,0
DA:59,0
DA:60,0
DA:61,0
DA:62,0
DA:64,0
DA:65,0
DA:71,1
LF:39
LH:7
BRDA:33,0,0,0
BRDA:33,0,1,0
BRDA:33,1,0,0
BRDA:33,1,1,0
BRDA:33,1,2,0
BRDA:39,2,0,0
BRDA:39,2,1,0
BRDA:46,3,0,0
BRDA:46,3,1,0
BRDA:53,4,0,0
BRDA:53,4,1,0
BRDA:59,5,0,0
BRDA:59,5,1,0
BRF:13
BRH:0
end_of_record
TN:
SF:/home/cmcleod/Developer/sjcloud-data-transfer-app/app/bin/backend/ui.js
FN:33,createWindow
FN:44,(anonymous_1)
FN:45,(anonymous_2)
FN:62,createOauthWindow
FN:70,(anonymous_4)
FN:79,(anonymous_5)
FNF:6
FNH:0
FNDA:0,createWindow
FNDA:0,(anonymous_1)
FNDA:0,(anonymous_2)
FNDA:0,createOauthWindow
FNDA:0,(anonymous_4)
FNDA:0,(anonymous_5)
DA:5,1
DA:6,1
DA:7,1
DA:8,1
DA:9,1
DA:10,1
DA:11,1
DA:12,1
DA:13,1
DA:14,1
DA:15,0
DA:17,1
DA:18,1
DA:19,1
DA:20,1
DA:21,1
DA:22,1
DA:24,0
DA:25,0
DA:26,0
DA:34,0
DA:44,0
DA:45,0
DA:48,0
DA:50,1
DA:63,0
DA:64,0
DA:70,0
DA:71,0
DA:72,0
DA:73,0
DA:79,0
DA:80,0
DA:81,0
DA:82,0
DA:87,0
DA:88,0
DA:89,0
DA:90,0
DA:92,1
LF:40
LH:18
BRDA:11,0,0,1
BRDA:11,0,1,0
BRDA:14,1,0,0
BRDA:14,1,1,1
BRDA:20,2,0,1
BRDA:20,2,1,0
BRDA:20,3,0,1
BRDA:20,3,1,1
BRDA:24,4,0,0
BRDA:24,4,1,0
BRDA:72,5,0,0
BRDA:72,5,1,0
BRDA:80,6,0,0
BRDA:80,6,1,0
BRDA:87,7,0,0
BRDA:87,7,1,0
BRF:16
BRH:5
end_of_record
TN:
SF:/home/cmcleod/Developer/sjcloud-data-transfer-app/app/bin/backend/utils.js
FN:22,getSJCloudPaths
FN:40,lookupPath
FN:53,initSJCloudHome
FN:55,(anonymous_3)
FN:57,(anonymous_4)
FN:78,unixBootstrapCommand
FN:103,windowsBootstrapCommand
FN:127,runCommandUnix
FN:145,runCommandWindows
FN:162,(anonymous_9)
FN:165,(anonymous_10)
FN:168,(anonymous_11)
FN:171,(anonymous_12)
FN:172,(anonymous_13)
FN:184,runCommand
FN:185,(anonymous_15)
FN:224,pythonOnPath
FN:226,(anonymous_17)
FN:242,dxToolkitInstalled
FN:260,downloadFile
FN:261,(anonymous_20)
FN:263,(anonymous_21)
FN:266,(anonymous_22)
FN:270,(anonymous_23)
FN:282,untarTo
FN:295,computeSHA256
FN:298,(anonymous_26)
FN:299,(anonymous_27)
FN:312,openExternal
FN:323,openDirectoryDialog
FN:337,openFileDialog
FN:356,readableFileSize
FN:385,fileInfoFromPath
FN:409,randomInt
FN:421,killProcess
FN:431,resetFileStatus
FN:447,saveToSJCloudFile
FN:461,readSJCloudFile
FN:463,(anonymous_38)
FN:476,getTabLiteral
FN:488,selfSigned
FNF:41
FNH:6
FNDA:6,getSJCloudPaths
FNDA:2,lookupPath
FNDA:2,initSJCloudHome
FNDA:2,(anonymous_3)
FNDA:1,(anonymous_4)
FNDA:0,unixBootstrapCommand
FNDA:0,windowsBootstrapCommand
FNDA:0,runCommandUnix
FNDA:0,runCommandWindows
FNDA:0,(anonymous_9)
FNDA:0,(anonymous_10)
FNDA:0,(anonymous_11)
FNDA:0,(anonymous_12)
FNDA:0,(anonymous_13)
FNDA:0,runCommand
FNDA:0,(anonymous_15)
FNDA:0,pythonOnPath
FNDA:0,(anonymous_17)
FNDA:0,dxToolkitInstalled
FNDA:0,downloadFile
FNDA:0,(anonymous_20)
FNDA:0,(anonymous_21)
FNDA:0,(anonymous_22)
FNDA:0,(anonymous_23)
FNDA:0,untarTo
FNDA:0,computeSHA256
FNDA:0,(anonymous_26)
FNDA:0,(anonymous_27)
FNDA:0,openExternal
FNDA:0,openDirectoryDialog
FNDA:0,openFileDialog
FNDA:0,readableFileSize
FNDA:0,fileInfoFromPath
FNDA:0,randomInt
FNDA:0,killProcess
FNDA:0,resetFileStatus
FNDA:0,saveToSJCloudFile
FNDA:0,readSJCloudFile
FNDA:0,(anonymous_38)
FNDA:2,getTabLiteral
FNDA:0,selfSigned
DA:5,1
DA:6,1
DA:7,1
DA:8,1
DA:9,1
DA:10,1
DA:11,1
DA:12,1
DA:13,1
DA:14,1
DA:15,1
DA:16,1
DA:20,1
DA:21,1
DA:23,6
DA:24,6
DA:25,2
DA:27,6
DA:28,6
DA:29,6
DA:30,6
DA:31,6
DA:32,6
DA:34,1
DA:41,2
DA:42,2
DA:44,1
DA:54,2
DA:55,2
DA:56,2
DA:57,1
DA:58,1
DA:59,0
DA:61,1
DA:65,1
DA:69,1
DA:79,0
DA:80,0
DA:81,0
DA:82,0
DA:83,0
DA:87,0
DA:88,0
DA:89,0
DA:90,0
DA:94,0
DA:104,0
DA:105,0
DA:106,0
DA:107,0
DA:108,0
DA:112,0
DA:113,0
DA:114,0
DA:115,0
DA:119,0
DA:128,0
DA:129,0
DA:131,0
DA:132,0
DA:133,0
DA:135,0
DA:136,0
DA:137,0
DA:146,0
DA:147,0
DA:149,0
DA:154,0
DA:155,0
DA:156,0
DA:158,0
DA:159,0
DA:160,0
DA:161,0
DA:162,0
DA:163,0
DA:165,0
DA:166,0
DA:168,0
DA:169,0
DA:171,0
DA:172,0
DA:173,0
DA:174,0
DA:185,0
DA:186,0
DA:187,0
DA:188,0
DA:190,0
DA:191,0
DA:192,0
DA:195,0
DA:196,0
DA:198,0
DA:199,0
DA:201,0
DA:203,0
DA:205,0
DA:207,0
DA:208,0
DA:210,0
DA:211,0
DA:214,0
DA:216,1
DA:225,0
DA:226,0
DA:227,0
DA:228,0
DA:229,0
DA:230,0
DA:231,0
DA:232,0
DA:235,1
DA:243,0
DA:244,0
DA:245,0
DA:247,0
DA:248,0
DA:251,1
DA:261,0
DA:262,0
DA:263,0
DA:264,0
DA:266,0
DA:267,0
DA:268,0
DA:270,0
DA:273,1
DA:283,0
DA:285,1
DA:296,0
DA:297,0
DA:298,0
DA:299,0
DA:300,0
DA:301,0
DA:304,1
DA:313,0
DA:315,1
DA:324,0
DA:330,1
DA:338,0
DA:342,1
DA:357,0
DA:358,0
DA:360,0
DA:361,0
DA:362,0
DA:364,0
DA:365,0
DA:366,0
DA:367,0
DA:368,0
DA:370,0
DA:371,0
DA:372,0
DA:374,0
DA:376,1
DA:386,0
DA:387,0
DA:388,0
DA:400,1
DA:410,0
DA:411,0
DA:412,0
DA:414,1
DA:422,0
DA:424,1
DA:432,0
DA:433,0
DA:434,0
DA:435,0
DA:436,0
DA:438,1
DA:448,0
DA:449,0
DA:451,1
DA:462,0
DA:463,0
DA:464,0
DA:465,0
DA:466,0
DA:468,0
DA:471,1
DA:477,2
DA:478,2
DA:480,0
DA:481,0
DA:484,0
DA:486,1
DA:489,0
DA:490,0
DA:492,1
LF:193
LH:55
BRDA:22,0,0,0
BRDA:22,1,0,2
BRDA:24,2,0,2
BRDA:24,2,1,4
BRDA:29,3,0,2
BRDA:29,3,1,4
BRDA:40,4,0,0
BRDA:42,5,0,2
BRDA:42,5,1,0
BRDA:53,6,0,0
BRDA:56,7,0,1
BRDA:56,7,1,1
BRDA:56,8,0,2
BRDA:56,8,1,1
BRDA:58,9,0,0
BRDA:58,9,1,1
BRDA:82,10,0,0
BRDA:82,10,1,0
BRDA:89,11,0,0
BRDA:89,11,1,0
BRDA:94,12,0,0
BRDA:94,12,1,0
BRDA:107,13,0,0
BRDA:107,13,1,0
BRDA:114,14,0,0
BRDA:114,14,1,0
BRDA:119,15,0,0
BRDA:119,15,1,0
BRDA:128,16,0,0
BRDA:128,16,1,0
BRDA:128,17,0,0
BRDA:128,17,1,0
BRDA:132,18,0,0
BRDA:132,18,1,0
BRDA:146,19,0,0
BRDA:146,19,1,0
BRDA:155,20,0,0
BRDA:155,20,1,0
BRDA:184,21,0,0
BRDA:186,22,0,0
BRDA:186,22,1,0
BRDA:190,23,0,0
BRDA:190,23,1,0
BRDA:190,24,0,0
BRDA:190,24,1,0
BRDA:190,24,2,0
BRDA:195,25,0,0
BRDA:195,25,1,0
BRDA:195,26,0,0
BRDA:195,26,1,0
BRDA:198,27,0,0
BRDA:198,27,1,0
BRDA:198,28,0,0
BRDA:198,28,1,0
BRDA:201,29,0,0
BRDA:201,29,1,0
BRDA:207,30,0,0
BRDA:207,30,1,0
BRDA:207,31,0,0
BRDA:207,31,1,0
BRDA:210,32,0,0
BRDA:210,32,1,0
BRDA:232,33,0,0
BRDA:232,33,1,0
BRDA:232,33,2,0
BRDA:244,34,0,0
BRDA:244,34,1,0
BRDA:244,35,0,0
BRDA:244,35,1,0
BRDA:247,36,0,0
BRDA:247,36,1,0
BRDA:323,37,0,0
BRDA:356,38,0,0
BRDA:356,39,0,0
BRDA:357,40,0,0
BRDA:357,40,1,0
BRDA:357,41,0,0
BRDA:357,41,1,0
BRDA:361,42,0,0
BRDA:361,42,1,0
BRDA:369,43,0,0
BRDA:369,43,1,0
BRDA:371,44,0,0
BRDA:371,44,1,0
BRDA:385,45,0,0
BRDA:447,46,0,0
BRDA:461,47,0,0
BRDA:464,48,0,0
BRDA:464,48,1,0
BRDA:465,49,0,0
BRDA:465,49,1,0
BRDA:468,50,0,0
BRDA:468,50,1,0
BRDA:477,51,0,2
BRDA:477,51,1,0
BRDA:477,52,0,2
BRDA:477,52,1,2
BRDA:480,53,0,0
BRDA:480,53,1,0
BRF:99
BRH:14
end_of_record
